next
  render on
    screanQoutes --> screanAbout --> screanQuotes
    MyApp.screanQoutes --> other App --> MyApp.screanQoutes
  .tabs
  publish web-version on github-pages

need optimization 
//render Table
//)virtaualized list (render only visble)
//rerender
//)rerender only changed string

issue: open   
animation on changes in table 
)rn Animated.Value.addListener(callback) => high cpu load
	not use addListener
	use react-class as in tutorial (not use useState)
)interpolate colors, text style value
)overlay animation
	prev change key1 fade
	current cahnge key2 grow
) grow two step for a key1 not blink color, ?blink lightness 

issue: done
now on screen Quotes
	height(table) = 100%
i want
	height(table) + height(bottomNavigationBar) = 100%
solution:
<View style={{flex:1}} in some middle

issue: done: 
optimise rerender in beginning
solution: 
useReducer for state, 
React.memo(Component) to remove second_render in QuotesTableConnected.js


issue: done
? screanQoutes --> screanAbout --> screanQoutes
in last pause before spinner, short time for spinner, empty screan
solution:
without debuging render quick, couse is debugger


issue: done
for USDC_BTC, USDT_BTC, digits go to next line
solution:
<Text numberOfLines={1} ellipsizeMode={'clip'}

issue: done
in FlatList, last element half-view
solution:
render FlatList.ListFootComponent with empty


issue: done
switch off network dont catch error in try
cause:
fetch() dont throw error
solution:
limit fetch time: Promise.race([fetch(URL), timer])


issue: done
no spinner after return myApp(screan Quotes)-->otherApp-->myApp
		(good: no net requests when myApp not active)
solution:
use AppState.onChange
artefacts:
dont work react-navigation.AppContainer and context Api
// <AppContext.Provider value={this.state}>
//   <AppContainer/>;
// </AppContext.Provider>


issue: open
https://reactnavigation.org/docs/en/getting-started.html 
?ios/podfile
solution:
test on iOS